0 info it worked if it ends with ok
1 verbose cli [ '/Users/radenska/.nvm/versions/node/v6.9.5/bin/node',
1 verbose cli   '/Users/radenska/.nvm/versions/node/v6.9.5/bin/npm',
1 verbose cli   'run',
1 verbose cli   'lint' ]
2 info using npm@3.10.10
3 info using node@v6.9.5
4 verbose config Skipping project config: /Users/radenska/.npmrc. (matches userconfig)
5 verbose stack Error: ENOENT: no such file or directory, open '/Users/radenska/package.json'
5 verbose stack     at Error (native)
6 verbose cwd /Users/radenska/codefellows/401/labs/25-angular_auth
7 error Darwin 16.4.0
8 error argv "/Users/radenska/.nvm/versions/node/v6.9.5/bin/node" "/Users/radenska/.nvm/versions/node/v6.9.5/bin/npm" "run" "lint"
9 error node v6.9.5
10 error npm  v3.10.10
11 error path /Users/radenska/package.json
12 error code ENOENT
13 error errno -2
14 error syscall open
15 error enoent ENOENT: no such file or directory, open '/Users/radenska/package.json'
16 error enoent ENOENT: no such file or directory, open '/Users/radenska/package.json'
16 error enoent This is most likely not a problem with npm itself
16 error enoent and is related to npm not being able to find a file.
17 verbose exit [ -2, true ]
